
Log started: 2009-11-25  01:41:51
Selecting previously deselected package locales.
(Reading database ... 7941 files and directories currently installed.)
Unpacking locales (from .../g/glibc/locales_2.7-18_all.deb) ...
Processing triggers for man-db ...
Setting up locales (2.7-18) ...
Generating locales (this might take a while)...
Generation complete.
Log ended: 2009-11-25  01:41:55

Log started: 2009-11-24  20:41:59
Selecting previously deselected package console-data.
(Reading database ... 8488 files and directories currently installed.)
Unpacking console-data (from .../console-data_1.07-11_all.deb) ...
Selecting previously deselected package console-tools.
Unpacking console-tools (from .../console-tools_0.2.3dbs-65.1_i386.deb) ...
Selecting previously deselected package console-common.
Unpacking console-common (from .../console-common_0.7.80_all.deb) ...
Processing triggers for man-db ...
Setting up console-data (2:1.07-11) ...
Looking for keymap to install:
NONE
Setting up console-tools (1:0.2.3dbs-65.1) ...
Setting up console-common (0.7.80) ...
Looking for keymap to install:
NONE
Log ended: 2009-11-24  20:42:03

Log started: 2009-11-24  20:42:05
Selecting previously deselected package installation-report.
(Reading database ... 9301 files and directories currently installed.)
Unpacking installation-report (from .../installation-report_2.38_all.deb) ...
Processing triggers for man-db ...
Setting up installation-report (2.38) ...
 Removing any system startup links for /etc/init.d/installation-report ...
Log ended: 2009-11-24  20:42:06

Log started: 2009-11-24  20:42:07
Selecting previously deselected package busybox.
(Reading database ... 9315 files and directories currently installed.)
Unpacking busybox (from .../busybox_1.10.2-2_i386.deb) ...
Processing triggers for man-db ...
Setting up busybox (1:1.10.2-2) ...
Log ended: 2009-11-24  20:42:08

Log started: 2009-11-24  20:42:09
Selecting previously deselected package libvolume-id0.
(Reading database ... 9320 files and directories currently installed.)
Unpacking libvolume-id0 (from .../libvolume-id0_0.125-7+lenny3_i386.deb) ...
Selecting previously deselected package udev.
Unpacking udev (from .../udev_0.125-7+lenny3_i386.deb) ...
Selecting previously deselected package libklibc.
Unpacking libklibc (from .../libklibc_1.5.12-2_i386.deb) ...
Selecting previously deselected package klibc-utils.
Unpacking klibc-utils (from .../klibc-utils_1.5.12-2_i386.deb) ...
Selecting previously deselected package initramfs-tools.
Unpacking initramfs-tools (from .../initramfs-tools_0.92o_all.deb) ...
Processing triggers for man-db ...
Setting up libvolume-id0 (0.125-7+lenny3) ...
Setting up udev (0.125-7+lenny3) ...
A chroot environment has been detected, udev not started.
Setting up libklibc (1.5.12-2) ...
Setting up klibc-utils (1.5.12-2) ...
Setting up initramfs-tools (0.92o) ...
update-initramfs: deferring update (trigger activated)
Processing triggers for initramfs-tools ...
Log ended: 2009-11-24  20:42:11

Log started: 2009-11-24  20:42:13
Selecting previously deselected package linux-image-2.6.26-2-686.
(Reading database ... 9522 files and directories currently installed.)
Unpacking linux-image-2.6.26-2-686 (from .../linux-image-2.6.26-2-686_2.6.26-19_i386.deb) ...
Done.
Selecting previously deselected package linux-image-2.6-686.
Unpacking linux-image-2.6-686 (from .../linux-image-2.6-686_2.6.26+17+lenny1_i386.deb) ...
Setting up linux-image-2.6.26-2-686 (2.6.26-19) ...
Running depmod.
Running mkinitramfs-kpkg.
Setting up linux-image-2.6-686 (2.6.26+17+lenny1) ...
Log ended: 2009-11-24  20:42:40

Log started: 2009-11-24  20:42:41
Selecting previously deselected package usbutils.
(Reading database ... 12062 files and directories currently installed.)
Unpacking usbutils (from .../usbutils_0.73-10_i386.deb) ...
Processing triggers for man-db ...
Setting up usbutils (0.73-10) ...
Log ended: 2009-11-24  20:42:42

Log started: 2009-11-24  20:42:44
Selecting previously deselected package acpid.
(Reading database ... 12076 files and directories currently installed.)
Unpacking acpid (from .../acpid_1.0.8-1lenny1_i386.deb) ...
Processing triggers for man-db ...
Setting up acpid (1.0.8-1lenny1) ...
Log ended: 2009-11-24  20:42:45

Log started: 2009-11-24  20:42:46
Selecting previously deselected package acpi-support-base.
(Reading database ... 12099 files and directories currently installed.)
Unpacking acpi-support-base (from .../acpi-support-base_0.109-11_all.deb) ...
Setting up acpi-support-base (0.109-11) ...
Log ended: 2009-11-24  20:42:47

Log started: 2009-11-24  20:42:48
Selecting previously deselected package eject.
(Reading database ... 12108 files and directories currently installed.)
Unpacking eject (from .../eject_2.1.5+deb1-4_i386.deb) ...
Processing triggers for man-db ...
Setting up eject (2.1.5+deb1-4) ...
Log ended: 2009-11-24  20:42:49

Log started: 2009-11-24  20:42:50
Selecting previously deselected package libc6-i686.
(Reading database ... 12133 files and directories currently installed.)
Unpacking libc6-i686 (from .../libc6-i686_2.7-18_i386.deb) ...
Setting up libc6-i686 (2.7-18) ...
Log ended: 2009-11-24  20:42:51

Log started: 2009-11-24  20:45:42
(Reading database ... 12189 files and directories currently installed.)
Preparing to replace linux-image-2.6.26-2-686 2.6.26-19 (using .../linux-image-2.6.26-2-686_2.6.26-19lenny2_i386.deb) ...
The directory /lib/modules/2.6.26-2-686 still exists. Continuing as directed.
Done.
Unpacking replacement linux-image-2.6.26-2-686 ...
Preparing to replace tzdata 2009l-0lenny1 (using .../tzdata_2009l-0lenny1.1_all.deb) ...
Unpacking replacement tzdata ...
Setting up tzdata (2009l-0lenny1.1) ...

Current default timezone: 'America/New_York'
Local time is now:      Tue Nov 24 20:45:48 EST 2009.
Universal Time is now:  Wed Nov 25 01:45:48 UTC 2009.
Run 'dpkg-reconfigure tzdata' if you wish to change it.

(Reading database ... 12189 files and directories currently installed.)
Preparing to replace libgnutls26 2.4.2-6+lenny1 (using .../libgnutls26_2.4.2-6+lenny2_i386.deb) ...
Unpacking replacement libgnutls26 ...
Preparing to replace libnewt0.52 0.52.2-11.3 (using .../libnewt0.52_0.52.2-11.3+lenny1_i386.deb) ...
Unpacking replacement libnewt0.52 ...
Preparing to replace libssl0.9.8 0.9.8g-15+lenny3 (using .../libssl0.9.8_0.9.8g-15+lenny5_i386.deb) ...
Unpacking replacement libssl0.9.8 ...
Preparing to replace wget 1.11.4-2 (using .../wget_1.11.4-2+lenny1_i386.deb) ...
Unpacking replacement wget ...
Preparing to replace whiptail 0.52.2-11.3 (using .../whiptail_0.52.2-11.3+lenny1_i386.deb) ...
Unpacking replacement whiptail ...
Processing triggers for man-db ...
Setting up linux-image-2.6.26-2-686 (2.6.26-19lenny2) ...
Running depmod.
Running mkinitramfs-kpkg.
Not updating initrd symbolic links since we are being updated/reinstalled 
(2.6.26-19 was configured last, according to dpkg)
Not updating image symbolic links since we are being updated/reinstalled 
(2.6.26-19 was configured last, according to dpkg)
Setting up libgnutls26 (2.4.2-6+lenny2) ...
Setting up libnewt0.52 (0.52.2-11.3+lenny1) ...
Setting up libssl0.9.8 (0.9.8g-15+lenny5) ...
Setting up wget (1.11.4-2+lenny1) ...
Setting up whiptail (0.52.2-11.3+lenny1) ...
Log ended: 2009-11-24  20:46:10

Log started: 2009-11-24  20:46:13
Selecting previously deselected package laptop-detect.
(Reading database ... 12189 files and directories currently installed.)
Unpacking laptop-detect (from .../laptop-detect_0.13.6_i386.deb) ...
Processing triggers for man-db ...
Setting up laptop-detect (0.13.6) ...
Log ended: 2009-11-24  20:46:14

Log started: 2009-11-24  21:16:59
Selecting previously deselected package popularity-contest.
(Reading database ... 12195 files and directories currently installed.)
Unpacking popularity-contest (from .../popularity-contest_1.46_all.deb) ...
Processing triggers for man-db ...
Setting up popularity-contest (1.46) ...
Log ended: 2009-11-24  21:17:01

Log started: 2009-11-24  21:17:47
Selecting previously deselected package exim4-config.
(Reading database ... 12195 files and directories currently installed.)
Unpacking exim4-config (from .../exim4-config_4.69-9_all.deb) ...
Selecting previously deselected package exim4-base.
Unpacking exim4-base (from .../exim4-base_4.69-9_i386.deb) ...
Selecting previously deselected package libpcre3.
Unpacking libpcre3 (from .../libpcre3_7.6-2.1_i386.deb) ...
Selecting previously deselected package exim4-daemon-light.
Unpacking exim4-daemon-light (from .../exim4-daemon-light_4.69-9_i386.deb) ...
Selecting previously deselected package exim4.
Unpacking exim4 (from .../archives/exim4_4.69-9_all.deb) ...
Selecting previously deselected package at.
Unpacking at (from .../archives/at_3.1.10.2_i386.deb) ...
Selecting previously deselected package bash-completion.
Unpacking bash-completion (from .../bash-completion_20080705_all.deb) ...
Selecting previously deselected package bc.
Unpacking bc (from .../archives/bc_1.06.94-3_i386.deb) ...
Selecting previously deselected package libcap2.
Unpacking libcap2 (from .../libcap2_2.11-2_i386.deb) ...
Selecting previously deselected package libxml2.
Unpacking libxml2 (from .../libxml2_2.6.32.dfsg-5+lenny1_i386.deb) ...
Selecting previously deselected package libisc45.
Unpacking libisc45 (from .../libisc45_1%3a9.5.1.dfsg.P3-1_i386.deb) ...
Selecting previously deselected package libkeyutils1.
Unpacking libkeyutils1 (from .../libkeyutils1_1.2-9_i386.deb) ...
Selecting previously deselected package libkrb53.
Unpacking libkrb53 (from .../libkrb53_1.6.dfsg.4~beta1-5lenny1_i386.deb) ...
Selecting previously deselected package libdns45.
Unpacking libdns45 (from .../libdns45_1%3a9.5.1.dfsg.P3-1_i386.deb) ...
Selecting previously deselected package libisccc40.
Unpacking libisccc40 (from .../libisccc40_1%3a9.5.1.dfsg.P3-1_i386.deb) ...
Selecting previously deselected package libisccfg40.
Unpacking libisccfg40 (from .../libisccfg40_1%3a9.5.1.dfsg.P3-1_i386.deb) ...
Selecting previously deselected package libbind9-40.
Unpacking libbind9-40 (from .../libbind9-40_1%3a9.5.1.dfsg.P3-1_i386.deb) ...
Selecting previously deselected package liblwres40.
Unpacking liblwres40 (from .../liblwres40_1%3a9.5.1.dfsg.P3-1_i386.deb) ...
Selecting previously deselected package bind9-host.
Unpacking bind9-host (from .../bind9-host_1%3a9.5.1.dfsg.P3-1_i386.deb) ...
Selecting previously deselected package liblockfile1.
Unpacking liblockfile1 (from .../liblockfile1_1.08-3_i386.deb) ...
Selecting previously deselected package bsd-mailx.
Unpacking bsd-mailx (from .../bsd-mailx_8.1.2-0.20071201cvs-3_i386.deb) ...
Selecting previously deselected package dc.
Unpacking dc (from .../archives/dc_1.06.94-3_i386.deb) ...
Selecting previously deselected package debian-faq.
Unpacking debian-faq (from .../debian-faq_4.0.4_all.deb) ...
Selecting previously deselected package dictionaries-common.
Unpacking dictionaries-common (from .../dictionaries-common_0.98.12_all.deb) ...
Adding `diversion of /usr/share/dict/words to /usr/share/dict/words.pre-dictionaries-common by dictionaries-common'
Selecting previously deselected package dnsutils.
Unpacking dnsutils (from .../dnsutils_1%3a9.5.1.dfsg.P3-1_i386.deb) ...
Selecting previously deselected package doc-debian.
Unpacking doc-debian (from .../doc-debian_4.0.1_all.deb) ...
Selecting previously deselected package doc-linux-text.
Unpacking doc-linux-text (from .../doc-linux-text_2008.08-1_all.deb) ...
Selecting previously deselected package libmagic1.
Unpacking libmagic1 (from .../libmagic1_4.26-1_i386.deb) ...
Selecting previously deselected package file.
Unpacking file (from .../archives/file_4.26-1_i386.deb) ...
Selecting previously deselected package ftp.
Unpacking ftp (from .../archives/ftp_0.17-18_i386.deb) ...
Selecting previously deselected package gettext-base.
Unpacking gettext-base (from .../gettext-base_0.17-4_i386.deb) ...
Selecting previously deselected package ibritish.
Unpacking ibritish (from .../ibritish_3.1.20.0-4.4_i386.deb) ...
Selecting previously deselected package ispell.
Unpacking ispell (from .../ispell_3.1.20.0-4.4_i386.deb) ...
Selecting previously deselected package iamerican.
Unpacking iamerican (from .../iamerican_3.1.20.0-4.4_i386.deb) ...
Selecting previously deselected package less.
Unpacking less (from .../archives/less_418-1_i386.deb) ...
Selecting previously deselected package libdb4.5.
Unpacking libdb4.5 (from .../libdb4.5_4.5.20-13_i386.deb) ...
Selecting previously deselected package libedit2.
Unpacking libedit2 (from .../libedit2_2.11~20080614-1_i386.deb) ...
Selecting previously deselected package libevent1.
Unpacking libevent1 (from .../libevent1_1.3e-3_i386.deb) ...
Selecting previously deselected package libgc1c2.
Unpacking libgc1c2 (from .../libgc1c2_1%3a6.8-1.1_i386.deb) ...
Selecting previously deselected package libgpm2.
Unpacking libgpm2 (from .../libgpm2_1.20.4-3.1_i386.deb) ...
Selecting previously deselected package libgssglue1.
Unpacking libgssglue1 (from .../libgssglue1_0.1-2_i386.deb) ...
Selecting previously deselected package libidn11.
Unpacking libidn11 (from .../libidn11_1.8+20080606-1_i386.deb) ...
Selecting previously deselected package libldap-2.4-2.
Unpacking libldap-2.4-2 (from .../libldap-2.4-2_2.4.11-1_i386.deb) ...
Selecting previously deselected package libnfsidmap2.
Unpacking libnfsidmap2 (from .../libnfsidmap2_0.20-1_i386.deb) ...
Selecting previously deselected package libpci3.
Unpacking libpci3 (from .../libpci3_3.0.0-6_i386.deb) ...
Selecting previously deselected package librpcsecgss3.
Unpacking librpcsecgss3 (from .../librpcsecgss3_0.18-1_i386.deb) ...
Selecting previously deselected package libsqlite3-0.
Unpacking libsqlite3-0 (from .../libsqlite3-0_3.5.9-6_i386.deb) ...
Selecting previously deselected package lsof.
Unpacking lsof (from .../lsof_4.78.dfsg.1-4_i386.deb) ...
Selecting previously deselected package m4.
Unpacking m4 (from .../archives/m4_1.4.11-1_i386.deb) ...
Selecting previously deselected package mime-support.
Unpacking mime-support (from .../mime-support_3.44-1_all.deb) ...
Selecting previously deselected package mlocate.
Unpacking mlocate (from .../mlocate_0.21.1-1_i386.deb) ...
Selecting previously deselected package mutt.
Unpacking mutt (from .../mutt_1.5.18-6_i386.deb) ...
Selecting previously deselected package ncurses-term.
Unpacking ncurses-term (from .../ncurses-term_5.7+20081213-1_all.deb) ...
Selecting previously deselected package portmap.
Unpacking portmap (from .../portmap_6.0-9_i386.deb) ...
Selecting previously deselected package ucf.
Unpacking ucf (from .../archives/ucf_3.0016_all.deb) ...
Moving old data out of the way
Selecting previously deselected package nfs-common.
Unpacking nfs-common (from .../nfs-common_1%3a1.1.2-6lenny1_i386.deb) ...
Selecting previously deselected package openbsd-inetd.
Unpacking openbsd-inetd (from .../openbsd-inetd_0.20080125-2_i386.deb) ...
Selecting previously deselected package openssh-client.
Unpacking openssh-client (from .../openssh-client_5.1p1-5_i386.deb) ...
Selecting previously deselected package patch.
Unpacking patch (from .../patch_2.5.9-5_i386.deb) ...
Selecting previously deselected package pciutils.
Unpacking pciutils (from .../pciutils_1%3a3.0.0-6_i386.deb) ...
Selecting previously deselected package perl-modules.
Unpacking perl-modules (from .../perl-modules_5.10.0-19lenny2_all.deb) ...
Selecting previously deselected package perl.
Unpacking perl (from .../perl_5.10.0-19lenny2_i386.deb) ...
Selecting previously deselected package procmail.
Unpacking procmail (from .../procmail_3.22-16_i386.deb) ...
Selecting previously deselected package python2.5-minimal.
Unpacking python2.5-minimal (from .../python2.5-minimal_2.5.2-15_i386.deb) ...
Selecting previously deselected package python2.5.
Unpacking python2.5 (from .../python2.5_2.5.2-15_i386.deb) ...
Selecting previously deselected package python-minimal.
Unpacking python-minimal (from .../python-minimal_2.5.2-3_all.deb) ...
Selecting previously deselected package python.
Unpacking python (from .../python_2.5.2-3_all.deb) ...
Selecting previously deselected package python-central.
Unpacking python-central (from .../python-central_0.6.8_all.deb) ...
Selecting previously deselected package reportbug.
Unpacking reportbug (from .../reportbug_3.48_all.deb) ...
Selecting previously deselected package telnet.
Unpacking telnet (from .../telnet_0.17-36_i386.deb) ...
Selecting previously deselected package texinfo.
Unpacking texinfo (from .../texinfo_4.11.dfsg.1-4_i386.deb) ...
Selecting previously deselected package time.
Unpacking time (from .../archives/time_1.7-23_i386.deb) ...
Selecting previously deselected package w3m.
Unpacking w3m (from .../w3m_0.5.2-2+b1_i386.deb) ...
Selecting previously deselected package wamerican.
Unpacking wamerican (from .../wamerican_6-2.3_all.deb) ...
Selecting previously deselected package whois.
Unpacking whois (from .../archives/whois_4.7.30_i386.deb) ...
Selecting previously deselected package libfreetype6.
Unpacking libfreetype6 (from .../libfreetype6_2.3.7-2+lenny1_i386.deb) ...
Selecting previously deselected package libjpeg62.
Unpacking libjpeg62 (from .../libjpeg62_6b-14_i386.deb) ...
Selecting previously deselected package libpng12-0.
Unpacking libpng12-0 (from .../libpng12-0_1.2.27-2+lenny2_i386.deb) ...
Selecting previously deselected package libgd2-noxpm.
Unpacking libgd2-noxpm (from .../libgd2-noxpm_2.0.36~rc1~dfsg-3+lenny1_i386.deb) ...
Selecting previously deselected package analog.
Unpacking analog (from .../analog_2%3a6.0-17~lenny1_i386.deb) ...
Selecting previously deselected package libapr1.
Unpacking libapr1 (from .../libapr1_1.2.12-5+lenny1_i386.deb) ...
Selecting previously deselected package libexpat1.
Unpacking libexpat1 (from .../libexpat1_2.0.1-4+lenny1_i386.deb) ...
Selecting previously deselected package mysql-common.
Unpacking mysql-common (from .../mysql-common_5.0.51a-24+lenny2_all.deb) ...
Selecting previously deselected package libmysqlclient15off.
Unpacking libmysqlclient15off (from .../libmysqlclient15off_5.0.51a-24+lenny2_i386.deb) ...
Selecting previously deselected package libpq5.
Unpacking libpq5 (from .../libpq5_8.3.8-0lenny1_i386.deb) ...
Selecting previously deselected package libaprutil1.
Unpacking libaprutil1 (from .../libaprutil1_1.2.12+dfsg-8+lenny4_i386.deb) ...
Selecting previously deselected package apache2-utils.
Unpacking apache2-utils (from .../apache2-utils_2.2.9-10+lenny6_i386.deb) ...
Selecting previously deselected package apache2.2-common.
Unpacking apache2.2-common (from .../apache2.2-common_2.2.9-10+lenny6_i386.deb) ...
Selecting previously deselected package apache2-mpm-prefork.
Unpacking apache2-mpm-prefork (from .../apache2-mpm-prefork_2.2.9-10+lenny6_i386.deb) ...
Selecting previously deselected package apache2.
Unpacking apache2 (from .../apache2_2.2.9-10+lenny6_all.deb) ...
Selecting previously deselected package apache2-doc.
Unpacking apache2-doc (from .../apache2-doc_2.2.9-10+lenny6_all.deb) ...
Selecting previously deselected package liburi-perl.
Unpacking liburi-perl (from .../liburi-perl_1.35.dfsg.1-1_all.deb) ...
Selecting previously deselected package libhtml-tagset-perl.
Unpacking libhtml-tagset-perl (from .../libhtml-tagset-perl_3.20-2_all.deb) ...
Selecting previously deselected package libhtml-parser-perl.
Unpacking libhtml-parser-perl (from .../libhtml-parser-perl_3.56-1+lenny1_i386.deb) ...
Selecting previously deselected package libhtml-tree-perl.
Unpacking libhtml-tree-perl (from .../libhtml-tree-perl_3.23-1_all.deb) ...
Selecting previously deselected package libwww-perl.
Unpacking libwww-perl (from .../libwww-perl_5.813-1_all.deb) ...
Selecting previously deselected package libdevel-symdump-perl.
Unpacking libdevel-symdump-perl (from .../libdevel-symdump-perl_2.08-1_all.deb) ...
Selecting previously deselected package libperl5.10.
Unpacking libperl5.10 (from .../libperl5.10_5.10.0-19lenny2_i386.deb) ...
Selecting previously deselected package libapache2-mod-perl2.
Unpacking libapache2-mod-perl2 (from .../libapache2-mod-perl2_2.0.4-5_i386.deb) ...
Selecting previously deselected package php5-common.
Unpacking php5-common (from .../php5-common_5.2.6.dfsg.1-1+lenny3_i386.deb) ...
Selecting previously deselected package libapache2-mod-php5.
Unpacking libapache2-mod-php5 (from .../libapache2-mod-php5_5.2.6.dfsg.1-1+lenny3_i386.deb) ...
Selecting previously deselected package libapache2-mod-python.
Unpacking libapache2-mod-python (from .../libapache2-mod-python_3.3.1-7_i386.deb) ...
Processing triggers for man-db ...
Setting up exim4-config (4.69-9) ...
Adding system-user for exim (v4)
Setting up exim4-base (4.69-9) ...
Setting up libpcre3 (7.6-2.1) ...
Setting up exim4-daemon-light (4.69-9) ...
Setting up exim4 (4.69-9) ...
Setting up at (3.1.10.2) ...
Setting up bash-completion (20080705) ...
Setting up bc (1.06.94-3) ...
Setting up libcap2 (2.11-2) ...
Setting up libxml2 (2.6.32.dfsg-5+lenny1) ...
Setting up libisc45 (1:9.5.1.dfsg.P3-1) ...
Setting up libkeyutils1 (1.2-9) ...
Setting up libkrb53 (1.6.dfsg.4~beta1-5lenny1) ...
Setting up libdns45 (1:9.5.1.dfsg.P3-1) ...
Setting up libisccc40 (1:9.5.1.dfsg.P3-1) ...
Setting up libisccfg40 (1:9.5.1.dfsg.P3-1) ...
Setting up libbind9-40 (1:9.5.1.dfsg.P3-1) ...
Setting up liblwres40 (1:9.5.1.dfsg.P3-1) ...
Setting up bind9-host (1:9.5.1.dfsg.P3-1) ...
Setting up liblockfile1 (1.08-3) ...
Setting up bsd-mailx (8.1.2-0.20071201cvs-3) ...
Setting up dc (1.06.94-3) ...
Setting up debian-faq (4.0.4) ...
Setting up dictionaries-common (0.98.12) ...
Updating OpenOffice.org's dictionary list... done.
Setting up dnsutils (1:9.5.1.dfsg.P3-1) ...
Setting up doc-debian (4.0.1) ...
Setting up doc-linux-text (2008.08-1) ...
Setting up libmagic1 (4.26-1) ...
Setting up file (4.26-1) ...
Setting up ftp (0.17-18) ...
Setting up gettext-base (0.17-4) ...
Setting up less (418-1) ...
Setting up libdb4.5 (4.5.20-13) ...
Setting up libedit2 (2.11~20080614-1) ...
Setting up libevent1 (1.3e-3) ...
Setting up libgc1c2 (1:6.8-1.1) ...
Setting up libgpm2 (1.20.4-3.1) ...
Setting up libgssglue1 (0.1-2) ...
Setting up libidn11 (1.8+20080606-1) ...
Setting up libldap-2.4-2 (2.4.11-1) ...
Setting up libnfsidmap2 (0.20-1) ...
Setting up libpci3 (1:3.0.0-6) ...
Setting up librpcsecgss3 (0.18-1) ...
Setting up libsqlite3-0 (3.5.9-6) ...
Setting up lsof (4.78.dfsg.1-4) ...
Setting up m4 (1.4.11-1) ...
Setting up mime-support (3.44-1) ...
Setting up mlocate (0.21.1-1) ...
Adding group `mlocate' (GID 104) ...
Done.
Setting up mutt (1.5.18-6) ...
Setting up ncurses-term (5.7+20081213-1) ...
Setting up portmap (6.0-9) ...
Setting up ucf (3.0016) ...
Setting up nfs-common (1:1.1.2-6lenny1) ...

Creating config file /etc/idmapd.conf with new version

Creating config file /etc/default/nfs-common with new version
Adding system user `statd' (UID 102) ...
Adding new user `statd' (UID 102) with group `nogroup' ...
Not creating home directory `/var/lib/nfs'.
Setting up openbsd-inetd (0.20080125-2) ...
Setting up openssh-client (1:5.1p1-5) ...
Setting up patch (2.5.9-5) ...
Setting up pciutils (1:3.0.0-6) ...
Setting up procmail (3.22-16) ...
Setting up python2.5-minimal (2.5.2-15) ...
Linking and byte-compiling packages for runtime python2.5...
Setting up python2.5 (2.5.2-15) ...
Setting up python-minimal (2.5.2-3) ...
Setting up python (2.5.2-3) ...
Setting up python-central (0.6.8) ...
Setting up reportbug (3.48) ...
Setting up telnet (0.17-36) ...
Setting up texinfo (4.11.dfsg.1-4) ...
Setting up time (1.7-23) ...
Setting up w3m (0.5.2-2+b1) ...
Setting up wamerican (6-2.3) ...
Setting up whois (4.7.30) ...
Setting up libfreetype6 (2.3.7-2+lenny1) ...
Setting up libjpeg62 (6b-14) ...
Setting up libpng12-0 (1.2.27-2+lenny2) ...
Setting up libgd2-noxpm (2.0.36~rc1~dfsg-3+lenny1) ...
Setting up libapr1 (1.2.12-5+lenny1) ...
Setting up libexpat1 (2.0.1-4+lenny1) ...
Setting up mysql-common (5.0.51a-24+lenny2) ...
Setting up libmysqlclient15off (5.0.51a-24+lenny2) ...
Setting up libpq5 (8.3.8-0lenny1) ...
Setting up libaprutil1 (1.2.12+dfsg-8+lenny4) ...
Setting up apache2-utils (2.2.9-10+lenny6) ...
Setting up apache2-doc (2.2.9-10+lenny6) ...
Setting up libperl5.10 (5.10.0-19lenny2) ...
Setting up php5-common (5.2.6.dfsg.1-1+lenny3) ...
Setting up perl-modules (5.10.0-19lenny2) ...
Setting up iamerican (3.1.20.0-4.4) ...
Setting up ispell (3.1.20.0-4.4) ...
Setting up ibritish (3.1.20.0-4.4) ...
Setting up perl (5.10.0-19lenny2) ...
Setting up analog (2:6.0-17~lenny1) ...
Setting up apache2.2-common (2.2.9-10+lenny6) ...
Enabling site default.
Enabling module alias.
Enabling module autoindex.
Enabling module dir.
Enabling module env.
Enabling module mime.
Enabling module negotiation.
Enabling module setenvif.
Enabling module status.
Enabling module auth_basic.
Enabling module deflate.
Enabling module authz_default.
Enabling module authz_user.
Enabling module authz_groupfile.
Enabling module authn_file.
Enabling module authz_host.
Setting up apache2-mpm-prefork (2.2.9-10+lenny6) ...
Setting up apache2 (2.2.9-10+lenny6) ...
Setting up liburi-perl (1.35.dfsg.1-1) ...
Setting up libhtml-tagset-perl (3.20-2) ...
Setting up libhtml-parser-perl (3.56-1+lenny1) ...
Setting up libhtml-tree-perl (3.23-1) ...
Setting up libwww-perl (5.813-1) ...
Setting up libdevel-symdump-perl (2.08-1) ...
Setting up libapache2-mod-perl2 (2.0.4-5) ...
Enabling module perl.
Run '/etc/init.d/apache2 restart' to activate new configuration!
Setting up libapache2-mod-php5 (5.2.6.dfsg.1-1+lenny3) ...

Creating config file /etc/php5/apache2/php.ini with new version
Setting up libapache2-mod-python (3.3.1-7) ...
Log ended: 2009-11-24  21:18:31

Log started: 2009-11-24  21:18:35
Selecting previously deselected package grub-common.
(Reading database ... 22000 files and directories currently installed.)
Unpacking grub-common (from .../grub-common_1.96+20080724-16_i386.deb) ...
Selecting previously deselected package grub.
Unpacking grub (from .../grub_0.97-47lenny2_i386.deb) ...
Processing triggers for man-db ...
Setting up grub-common (1.96+20080724-16) ...
Setting up grub (0.97-47lenny2) ...
Log ended: 2009-11-24  21:18:36

Log started: 2009-11-24  21:20:36
Selecting previously deselected package openssh-blacklist.
(Reading database ... 22060 files and directories currently installed.)
Unpacking openssh-blacklist (from .../openssh-blacklist_0.4.1_all.deb) ...
Selecting previously deselected package openssh-blacklist-extra.
Unpacking openssh-blacklist-extra (from .../openssh-blacklist-extra_0.4.1_all.deb) ...
Selecting previously deselected package x11-common.
Unpacking x11-common (from .../x11-common_1%3a7.3+20_all.deb) ...
Selecting previously deselected package libxau6.
Unpacking libxau6 (from .../libxau6_1%3a1.0.3-3_i386.deb) ...
Selecting previously deselected package libxdmcp6.
Unpacking libxdmcp6 (from .../libxdmcp6_1%3a1.0.2-3_i386.deb) ...
Selecting previously deselected package libxcb1.
Unpacking libxcb1 (from .../libxcb1_1.1-1.2_i386.deb) ...
Selecting previously deselected package libxcb-xlib0.
Unpacking libxcb-xlib0 (from .../libxcb-xlib0_1.1-1.2_i386.deb) ...
Selecting previously deselected package libx11-data.
Unpacking libx11-data (from .../libx11-data_2%3a1.1.5-2_all.deb) ...
Selecting previously deselected package libx11-6.
Unpacking libx11-6 (from .../libx11-6_2%3a1.1.5-2_i386.deb) ...
Selecting previously deselected package libxext6.
Unpacking libxext6 (from .../libxext6_2%3a1.0.4-1_i386.deb) ...
Selecting previously deselected package libxmuu1.
Unpacking libxmuu1 (from .../libxmuu1_2%3a1.0.4-1_i386.deb) ...
Processing triggers for man-db ...
Setting up x11-common (1:7.3+20) ...
Selecting previously deselected package xauth.
(Reading database ... 22392 files and directories currently installed.)
Unpacking xauth (from .../xauth_1%3a1.0.3-2_i386.deb) ...
Selecting previously deselected package openssh-server.
Unpacking openssh-server (from .../openssh-server_1%3a5.1p1-5_i386.deb) ...
Processing triggers for man-db ...
Setting up openssh-blacklist (0.4.1) ...
Setting up openssh-blacklist-extra (0.4.1) ...
Setting up libxau6 (1:1.0.3-3) ...
Setting up libxdmcp6 (1:1.0.2-3) ...
Setting up libxcb1 (1.1-1.2) ...
Setting up libxcb-xlib0 (1.1-1.2) ...
Setting up libx11-data (2:1.1.5-2) ...
Setting up libx11-6 (2:1.1.5-2) ...
Setting up libxext6 (2:1.0.4-1) ...
Setting up libxmuu1 (2:1.0.4-1) ...
Setting up xauth (1:1.0.3-2) ...
Setting up openssh-server (1:5.1p1-5) ...
Creating SSH2 RSA key; this may take some time ...
Creating SSH2 DSA key; this may take some time ...
Restarting OpenBSD Secure Shell server: sshd.
Log ended: 2009-11-24  21:20:47
