[Tue Nov 24 21:20:06 2009] [notice] mod_python: Creating 8 session mutexes based on 150 max processes and 0 max threads.
[Tue Nov 24 21:20:06 2009] [notice] mod_python: using mutex_directory /tmp 
[Tue Nov 24 21:20:06 2009] [notice] Apache/2.2.9 (Debian) PHP/5.2.6-1+lenny3 with Suhosin-Patch mod_python/3.3.1 Python/2.5.2 mod_perl/2.0.4 Perl/v5.10.0 configured -- resuming normal operations
[Tue Nov 24 21:22:01 2009] [notice] caught SIGTERM, shutting down
[Tue Nov 24 22:24:19 2009] [notice] mod_python: Creating 8 session mutexes based on 150 max processes and 0 max threads.
[Tue Nov 24 22:24:19 2009] [notice] mod_python: using mutex_directory /tmp 
[Tue Nov 24 22:24:20 2009] [notice] Apache/2.2.9 (Debian) PHP/5.2.6-1+lenny3 with Suhosin-Patch mod_python/3.3.1 Python/2.5.2 mod_perl/2.0.4 Perl/v5.10.0 configured -- resuming normal operations
[Tue Nov 24 22:25:07 2009] [notice] caught SIGTERM, shutting down
[Tue Nov 24 22:26:41 2009] [notice] mod_python: Creating 8 session mutexes based on 150 max processes and 0 max threads.
[Tue Nov 24 22:26:41 2009] [notice] mod_python: using mutex_directory /tmp 
[Tue Nov 24 22:26:41 2009] [notice] Apache/2.2.9 (Debian) PHP/5.2.6-1+lenny3 with Suhosin-Patch mod_python/3.3.1 Python/2.5.2 mod_perl/2.0.4 Perl/v5.10.0 configured -- resuming normal operations
[Tue Nov 24 22:28:25 2009] [notice] caught SIGTERM, shutting down
[Tue Nov 24 22:29:53 2009] [notice] mod_python: Creating 8 session mutexes based on 150 max processes and 0 max threads.
[Tue Nov 24 22:29:53 2009] [notice] mod_python: using mutex_directory /tmp 
[Tue Nov 24 22:29:54 2009] [notice] Apache/2.2.9 (Debian) PHP/5.2.6-1+lenny3 with Suhosin-Patch mod_python/3.3.1 Python/2.5.2 mod_perl/2.0.4 Perl/v5.10.0 configured -- resuming normal operations
[Tue Nov 24 22:49:35 2009] [notice] caught SIGTERM, shutting down
[Tue Nov 24 23:08:45 2009] [notice] mod_python: Creating 8 session mutexes based on 150 max processes and 0 max threads.
[Tue Nov 24 23:08:45 2009] [notice] mod_python: using mutex_directory /tmp 
[Tue Nov 24 23:08:45 2009] [notice] Apache/2.2.9 (Debian) PHP/5.2.6-1+lenny3 with Suhosin-Patch mod_python/3.3.1 Python/2.5.2 mod_perl/2.0.4 Perl/v5.10.0 configured -- resuming normal operations
[Tue Nov 24 23:26:54 2009] [notice] caught SIGTERM, shutting down
[Tue Nov 24 23:36:26 2009] [notice] mod_python: Creating 8 session mutexes based on 150 max processes and 0 max threads.
[Tue Nov 24 23:36:26 2009] [notice] mod_python: using mutex_directory /tmp 
[Tue Nov 24 23:36:26 2009] [notice] Apache/2.2.9 (Debian) PHP/5.2.6-1+lenny3 with Suhosin-Patch mod_python/3.3.1 Python/2.5.2 mod_perl/2.0.4 Perl/v5.10.0 configured -- resuming normal operations
[Wed Nov 25 07:21:43 2009] [notice] caught SIGTERM, shutting down
[Wed Nov 25 08:52:41 2009] [notice] mod_python: Creating 8 session mutexes based on 150 max processes and 0 max threads.
[Wed Nov 25 08:52:41 2009] [notice] mod_python: using mutex_directory /tmp 
[Wed Nov 25 08:52:42 2009] [notice] Apache/2.2.9 (Debian) PHP/5.2.6-1+lenny3 with Suhosin-Patch mod_python/3.3.1 Python/2.5.2 mod_perl/2.0.4 Perl/v5.10.0 configured -- resuming normal operations
[Wed Nov 25 10:36:55 2009] [notice] caught SIGTERM, shutting down
[Mon Dec 07 18:34:59 2009] [notice] mod_python: Creating 8 session mutexes based on 150 max processes and 0 max threads.
[Mon Dec 07 18:34:59 2009] [notice] mod_python: using mutex_directory /tmp 
[Mon Dec 07 18:35:00 2009] [notice] Apache/2.2.9 (Debian) PHP/5.2.6-1+lenny3 with Suhosin-Patch mod_python/3.3.1 Python/2.5.2 mod_perl/2.0.4 Perl/v5.10.0 configured -- resuming normal operations
[Mon Dec 07 18:35:37 2009] [notice] caught SIGTERM, shutting down
[Wed Apr 26 16:40:16 2017] [notice] mod_python: Creating 8 session mutexes based on 150 max processes and 0 max threads.
[Wed Apr 26 16:40:16 2017] [notice] mod_python: using mutex_directory /tmp 
[Wed Apr 26 16:40:16 2017] [notice] Apache/2.2.9 (Debian) PHP/5.2.6-1+lenny3 with Suhosin-Patch mod_python/3.3.1 Python/2.5.2 mod_perl/2.0.4 Perl/v5.10.0 configured -- resuming normal operations
[Wed Apr 26 16:47:16 2017] [error] [client 128.138.244.110] File does not exist: /var/www/favicon.ico, referer: http://54.237.178.0/
[Wed Apr 26 20:12:03 2017] [error] [client 58.225.75.151] File does not exist: /var/www/muieblackcat
[Wed Apr 26 20:12:04 2017] [error] [client 58.225.75.151] File does not exist: /var/www/phpMyAdmin
[Wed Apr 26 20:12:04 2017] [error] [client 58.225.75.151] File does not exist: /var/www/phpmyadmin
[Wed Apr 26 20:12:05 2017] [error] [client 58.225.75.151] File does not exist: /var/www/pma
[Wed Apr 26 20:12:05 2017] [error] [client 58.225.75.151] File does not exist: /var/www/myadmin
[Wed Apr 26 20:12:05 2017] [error] [client 58.225.75.151] File does not exist: /var/www/MyAdmin
